<?xml version="1.0" ?>
<coverage version="7.13.5" timestamp="1778837815396" lines-valid="13909" lines-covered="12673" line-rate="0.9111" branches-covered="0" branches-valid="0" branch-rate="0" complexity="0">
	<!-- Generated by coverage.py: https://coverage.readthedocs.io/en/7.13.5 -->
	<!-- Based on https://raw.githubusercontent.com/cobertura/web/master/htdocs/xml/coverage-04.dtd -->
	<sources>
		<source>C:\Users\adars\OneDrive\Desktop\qufinance</source>
	</sources>
	<packages>
		<package name="src.qufin" line-rate="0.8662" branch-rate="0" complexity="0">
			<classes>
				<class name="__init__.py" filename="src/qufin/__init__.py" complexity="0" line-rate="0.7143" branch-rate="0">
					<methods/>
					<lines>
						<line number="3" hits="1"/>
						<line number="5" hits="1"/>
						<line number="6" hits="1"/>
						<line number="7" hits="0"/>
						<line number="8" hits="0"/>
						<line number="10" hits="1"/>
						<line number="24" hits="1"/>
					</lines>
				</class>
				<class name="_typing.py" filename="src/qufin/_typing.py" complexity="0" line-rate="1" branch-rate="0">
					<methods/>
					<lines>
						<line number="3" hits="1"/>
						<line number="5" hits="1"/>
						<line number="7" hits="1"/>
						<line number="8" hits="1"/>
						<line number="10" hits="1"/>
						<line number="11" hits="1"/>
						<line number="12" hits="1"/>
						<line number="13" hits="1"/>
						<line number="14" hits="1"/>
					</lines>
				</class>
				<class name="cli.py" filename="src/qufin/cli.py" complexity="0" line-rate="0.8122" branch-rate="0">
					<methods/>
					<lines>
						<line number="20" hits="1"/>
						<line number="22" hits="1"/>
						<line number="23" hits="1"/>
						<line number="24" hits="1"/>
						<line number="25" hits="1"/>
						<line number="26" hits="1"/>
						<line number="27" hits="1"/>
						<line number="34" hits="1"/>
						<line number="35" hits="1"/>
						<line number="48" hits="1"/>
						<line number="49" hits="1"/>
						<line number="50" hits="1"/>
						<line number="52" hits="1"/>
						<line number="54" hits="1"/>
						<line number="61" hits="1"/>
						<line number="64" hits="1"/>
						<line number="87" hits="1"/>
						<line number="88" hits="1"/>
						<line number="89" hits="1"/>
						<line number="91" hits="1"/>
						<line number="92" hits="1"/>
						<line number="93" hits="1"/>
						<line number="94" hits="1"/>
						<line number="95" hits="1"/>
						<line number="97" hits="1"/>
						<line number="98" hits="1"/>
						<line number="99" hits="1"/>
						<line number="101" hits="1"/>
						<line number="102" hits="1"/>
						<line number="103" hits="1"/>
						<line number="104" hits="1"/>
						<line number="105" hits="1"/>
						<line number="106" hits="1"/>
						<line number="107" hits="1"/>
						<line number="108" hits="1"/>
						<line number="109" hits="0"/>
						<line number="110" hits="1"/>
						<line number="113" hits="1"/>
						<line number="114" hits="1"/>
						<line number="118" hits="1"/>
						<line number="119" hits="1"/>
						<line number="120" hits="1"/>
						<line number="121" hits="1"/>
						<line number="123" hits="0"/>
						<line number="125" hits="0"/>
						<line number="126" hits="0"/>
						<line number="127" hits="0"/>
						<line number="128" hits="0"/>
						<line number="136" hits="1"/>
						<line number="138" hits="1"/>
						<line number="140" hits="1"/>
						<line number="141" hits="1"/>
						<line number="142" hits="1"/>
						<line number="143" hits="1"/>
						<line number="145" hits="1"/>
						<line number="153" hits="1"/>
						<line number="154" hits="1"/>
						<line number="155" hits="1"/>
						<line number="156" hits="1"/>
						<line number="160" hits="1"/>
						<line number="161" hits="1"/>
						<line number="162" hits="1"/>
						<line number="167" hits="0"/>
						<line number="168" hits="0"/>
						<line number="172" hits="0"/>
						<line number="173" hits="0"/>
						<line number="174" hits="0"/>
						<line number="176" hits="1"/>
						<line number="179" hits="1"/>
						<line number="181" hits="1"/>
						<line number="183" hits="1"/>
						<line number="184" hits="1"/>
						<line number="186" hits="1"/>
						<line number="197" hits="1"/>
						<line number="198" hits="1"/>
						<line number="199" hits="1"/>
						<line number="200" hits="1"/>
						<line number="203" hits="1"/>
						<line number="204" hits="1"/>
						<line number="205" hits="1"/>
						<line number="209" hits="1"/>
						<line number="210" hits="1"/>
						<line number="211" hits="1"/>
						<line number="215" hits="0"/>
						<line number="216" hits="0"/>
						<line number="219" hits="0"/>
						<line number="220" hits="0"/>
						<line number="221" hits="0"/>
						<line number="223" hits="1"/>
						<line number="226" hits="1"/>
						<line number="228" hits="1"/>
						<line number="230" hits="1"/>
						<line number="231" hits="1"/>
						<line number="232" hits="1"/>
						<line number="234" hits="1"/>
						<line number="241" hits="1"/>
						<line number="242" hits="1"/>
						<line number="243" hits="1"/>
						<line number="244" hits="1"/>
						<line number="247" hits="1"/>
						<line number="248" hits="1"/>
						<line number="249" hits="1"/>
						<line number="253" hits="0"/>
						<line number="254" hits="0"/>
						<line number="257" hits="0"/>
						<line number="258" hits="0"/>
						<line number="259" hits="0"/>
						<line number="261" hits="1"/>
						<line number="264" hits="1"/>
						<line number="266" hits="1"/>
						<line number="268" hits="1"/>
						<line number="269" hits="1"/>
						<line number="271" hits="1"/>
						<line number="278" hits="1"/>
						<line number="279" hits="1"/>
						<line number="282" hits="0"/>
						<line number="283" hits="0"/>
						<line number="284" hits="0"/>
						<line number="286" hits="1"/>
						<line number="294" hits="1"/>
						<line number="301" hits="1"/>
						<line number="308" hits="1"/>
						<line number="313" hits="1"/>
						<line number="319" hits="1"/>
						<line number="325" hits="1"/>
						<line number="328" hits="1"/>
						<line number="332" hits="1"/>
						<line number="337" hits="1"/>
						<line number="343" hits="1"/>
						<line number="349" hits="1"/>
						<line number="357" hits="1"/>
						<line number="361" hits="1"/>
						<line number="367" hits="1"/>
						<line number="373" hits="1"/>
						<line number="379" hits="1"/>
						<line number="385" hits="1"/>
						<line number="391" hits="1"/>
						<line number="397" hits="1"/>
						<line number="405" hits="1"/>
						<line number="409" hits="1"/>
						<line number="414" hits="1"/>
						<line number="420" hits="1"/>
						<line number="428" hits="1"/>
						<line number="432" hits="1"/>
						<line number="438" hits="1"/>
						<line number="443" hits="1"/>
						<line number="449" hits="1"/>
						<line number="457" hits="1"/>
						<line number="459" hits="1"/>
						<line number="460" hits="1"/>
						<line number="462" hits="1"/>
						<line number="467" hits="1"/>
						<line number="480" hits="1"/>
						<line number="481" hits="1"/>
						<line number="482" hits="1"/>
						<line number="484" hits="1"/>
						<line number="485" hits="0"/>
						<line number="492" hits="1"/>
						<line number="493" hits="1"/>
						<line number="497" hits="1"/>
						<line number="498" hits="1"/>
						<line number="502" hits="1"/>
						<line number="512" hits="1"/>
						<line number="520" hits="1"/>
						<line number="533" hits="1"/>
						<line number="534" hits="1"/>
						<line number="537" hits="1"/>
						<line number="538" hits="1"/>
						<line number="539" hits="1"/>
						<line number="542" hits="1"/>
						<line number="543" hits="1"/>
						<line number="546" hits="1"/>
						<line number="547" hits="1"/>
						<line number="548" hits="1"/>
						<line number="550" hits="1"/>
						<line number="551" hits="1"/>
						<line number="552" hits="0"/>
						<line number="553" hits="0"/>
						<line number="555" hits="1"/>
						<line number="556" hits="1"/>
						<line number="557" hits="0"/>
						<line number="558" hits="0"/>
						<line number="559" hits="0"/>
						<line number="560" hits="0"/>
						<line number="561" hits="0"/>
						<line number="564" hits="1"/>
						<line number="567" hits="1"/>
						<line number="569" hits="1"/>
						<line number="570" hits="1"/>
						<line number="571" hits="1"/>
						<line number="572" hits="1"/>
						<line number="573" hits="0"/>
						<line number="574" hits="0"/>
						<line number="575" hits="0"/>
						<line number="576" hits="0"/>
						<line number="577" hits="0"/>
						<line number="579" hits="1"/>
					</lines>
				</class>
				<class name="plugins.py" filename="src/qufin/plugins.py" complexity="0" line-rate="0.9703" branch-rate="0">
					<methods/>
					<lines>
						<line number="47" hits="1"/>
						<line number="49" hits="1"/>
						<line number="50" hits="1"/>
						<line number="51" hits="1"/>
						<line number="52" hits="1"/>
						<line number="53" hits="1"/>
						<line number="54" hits="1"/>
						<line number="56" hits="1"/>
						<line number="59" hits="1"/>
						<line number="60" hits="1"/>
						<line number="61" hits="1"/>
						<line number="68" hits="1"/>
						<line number="69" hits="1"/>
						<line number="88" hits="1"/>
						<line number="89" hits="1"/>
						<line number="90" hits="1"/>
						<line number="91" hits="1"/>
						<line number="92" hits="1"/>
						<line number="93" hits="1"/>
						<line number="101" hits="1"/>
						<line number="109" hits="1"/>
						<line number="110" hits="1"/>
						<line number="113" hits="1"/>
						<line number="114" hits="1"/>
						<line number="116" hits="0"/>
						<line number="118" hits="1"/>
						<line number="119" hits="1"/>
						<line number="124" hits="1"/>
						<line number="126" hits="1"/>
						<line number="129" hits="1"/>
						<line number="147" hits="1"/>
						<line number="148" hits="1"/>
						<line number="149" hits="1"/>
						<line number="151" hits="0"/>
						<line number="156" hits="1"/>
						<line number="157" hits="1"/>
						<line number="159" hits="1"/>
						<line number="160" hits="1"/>
						<line number="161" hits="1"/>
						<line number="162" hits="1"/>
						<line number="163" hits="1"/>
						<line number="165" hits="1"/>
						<line number="166" hits="1"/>
						<line number="169" hits="1"/>
						<line number="177" hits="1"/>
						<line number="178" hits="1"/>
						<line number="179" hits="1"/>
						<line number="180" hits="1"/>
						<line number="190" hits="1"/>
						<line number="193" hits="1"/>
						<line number="222" hits="1"/>
						<line number="223" hits="1"/>
						<line number="224" hits="1"/>
						<line number="227" hits="1"/>
						<line number="233" hits="1"/>
						<line number="235" hits="1"/>
						<line number="238" hits="1"/>
						<line number="256" hits="1"/>
						<line number="257" hits="1"/>
						<line number="258" hits="1"/>
						<line number="261" hits="1"/>
						<line number="264" hits="1"/>
						<line number="278" hits="1"/>
						<line number="279" hits="1"/>
						<line number="280" hits="1"/>
						<line number="281" hits="1"/>
						<line number="286" hits="1"/>
						<line number="289" hits="1"/>
						<line number="297" hits="1"/>
						<line number="300" hits="1"/>
						<line number="302" hits="1"/>
						<line number="310" hits="1"/>
						<line number="327" hits="1"/>
						<line number="329" hits="1"/>
						<line number="330" hits="1"/>
						<line number="354" hits="1"/>
						<line number="355" hits="1"/>
						<line number="365" hits="1"/>
						<line number="368" hits="1"/>
						<line number="381" hits="1"/>
						<line number="382" hits="1"/>
						<line number="385" hits="1"/>
						<line number="386" hits="1"/>
						<line number="387" hits="1"/>
						<line number="388" hits="0"/>
						<line number="391" hits="1"/>
						<line number="394" hits="1"/>
						<line number="411" hits="1"/>
						<line number="412" hits="1"/>
						<line number="413" hits="1"/>
						<line number="416" hits="1"/>
						<line number="419" hits="1"/>
						<line number="426" hits="1"/>
						<line number="429" hits="1"/>
						<line number="431" hits="1"/>
						<line number="434" hits="1"/>
						<line number="436" hits="1"/>
						<line number="444" hits="1"/>
						<line number="452" hits="1"/>
						<line number="472" hits="1"/>
						<line number="480" hits="1"/>
					</lines>
				</class>
			</classes>
		</package>
		<package name="src.qufin.api" line-rate="0.7855" branch-rate="0" complexity="0">
			<classes>
				<class name="__init__.py" filename="src/qufin/api/__init__.py" complexity="0" line-rate="0.5556" branch-rate="0">
					<methods/>
					<lines>
						<line number="10" hits="1"/>
						<line number="12" hits="1"/>
						<line number="14" hits="1"/>
						<line number="21" hits="1"/>
						<line number="26" hits="0"/>
						<line number="28" hits="0"/>
						<line number="31" hits="1"/>
						<line number="36" hits="0"/>
						<line number="38" hits="0"/>
					</lines>
				</class>
				<class name="cache.py" filename="src/qufin/api/cache.py" complexity="0" line-rate="0.8995" branch-rate="0">
					<methods/>
					<lines>
						<line number="14" hits="1"/>
						<line number="16" hits="1"/>
						<line number="17" hits="1"/>
						<line number="18" hits="1"/>
						<line number="19" hits="1"/>
						<line number="20" hits="1"/>
						<line number="21" hits="1"/>
						<line number="22" hits="1"/>
						<line number="23" hits="1"/>
						<line number="24" hits="1"/>
						<line number="25" hits="1"/>
						<line number="27" hits="1"/>
						<line number="28" hits="1"/>
						<line number="32" hits="1"/>
						<line number="39" hits="1"/>
						<line number="42" hits="1"/>
						<line number="43" hits="1"/>
						<line number="51" hits="1"/>
						<line number="68" hits="1"/>
						<line number="73" hits="1"/>
						<line number="81" hits="1"/>
						<line number="82" hits="1"/>
						<line number="85" hits="1"/>
						<line number="86" hits="1"/>
						<line number="87" hits="1"/>
						<line number="88" hits="1"/>
						<line number="90" hits="1"/>
						<line number="91" hits="1"/>
						<line number="92" hits="1"/>
						<line number="94" hits="1"/>
						<line number="95" hits="1"/>
						<line number="96" hits="1"/>
						<line number="98" hits="1"/>
						<line number="99" hits="1"/>
						<line number="100" hits="1"/>
						<line number="102" hits="1"/>
						<line number="103" hits="1"/>
						<line number="104" hits="1"/>
						<line number="106" hits="1"/>
						<line number="107" hits="1"/>
						<line number="109" hits="1"/>
						<line number="110" hits="1"/>
						<line number="112" hits="1"/>
						<line number="114" hits="1"/>
						<line number="122" hits="1"/>
						<line number="123" hits="1"/>
						<line number="124" hits="1"/>
						<line number="125" hits="1"/>
						<line number="126" hits="1"/>
						<line number="134" hits="1"/>
						<line number="135" hits="1"/>
						<line number="138" hits="1"/>
						<line number="139" hits="1"/>
						<line number="140" hits="1"/>
						<line number="141" hits="1"/>
						<line number="142" hits="1"/>
						<line number="145" hits="1"/>
						<line number="146" hits="1"/>
						<line number="149" hits="1"/>
						<line number="157" hits="1"/>
						<line number="160" hits="1"/>
						<line number="161" hits="1"/>
						<line number="162" hits="1"/>
						<line number="163" hits="1"/>
						<line number="164" hits="1"/>
						<line number="165" hits="1"/>
						<line number="166" hits="1"/>
						<line number="170" hits="1"/>
						<line number="171" hits="1"/>
						<line number="172" hits="1"/>
						<line number="176" hits="1"/>
						<line number="177" hits="1"/>
						<line number="179" hits="1"/>
						<line number="180" hits="1"/>
						<line number="181" hits="1"/>
						<line number="182" hits="1"/>
						<line number="193" hits="1"/>
						<line number="197" hits="1"/>
						<line number="198" hits="1"/>
						<line number="199" hits="1"/>
						<line number="201" hits="1"/>
						<line number="203" hits="1"/>
						<line number="204" hits="1"/>
						<line number="205" hits="1"/>
						<line number="209" hits="1"/>
						<line number="210" hits="1"/>
						<line number="211" hits="1"/>
						<line number="213" hits="1"/>
						<line number="214" hits="1"/>
						<line number="216" hits="1"/>
						<line number="217" hits="1"/>
						<line number="218" hits="1"/>
						<line number="219" hits="1"/>
						<line number="221" hits="1"/>
						<line number="222" hits="1"/>
						<line number="224" hits="1"/>
						<line number="232" hits="1"/>
						<line number="233" hits="1"/>
						<line number="234" hits="1"/>
						<line number="235" hits="1"/>
						<line number="242" hits="1"/>
						<line number="244" hits="1"/>
						<line number="246" hits="1"/>
						<line number="247" hits="1"/>
						<line number="248" hits="1"/>
						<line number="249" hits="1"/>
						<line number="250" hits="1"/>
						<line number="252" hits="1"/>
						<line number="254" hits="1"/>
						<line number="255" hits="1"/>
						<line number="256" hits="1"/>
						<line number="257" hits="1"/>
						<line number="258" hits="1"/>
						<line number="259" hits="1"/>
						<line number="260" hits="1"/>
						<line number="262" hits="1"/>
						<line number="264" hits="1"/>
						<line number="265" hits="1"/>
						<line number="266" hits="1"/>
						<line number="267" hits="1"/>
						<line number="268" hits="1"/>
						<line number="269" hits="1"/>
						<line number="270" hits="1"/>
						<line number="271" hits="1"/>
						<line number="273" hits="1"/>
						<line number="275" hits="1"/>
						<line number="276" hits="1"/>
						<line number="277" hits="1"/>
						<line number="278" hits="1"/>
						<line number="281" hits="1"/>
						<line number="282" hits="1"/>
						<line number="283" hits="1"/>
						<line number="284" hits="1"/>
						<line number="286" hits="1"/>
						<line number="288" hits="1"/>
						<line number="289" hits="1"/>
						<line number="290" hits="1"/>
						<line number="291" hits="1"/>
						<line number="293" hits="1"/>
						<line number="295" hits="1"/>
						<line number="296" hits="1"/>
						<line number="297" hits="1"/>
						<line number="298" hits="1"/>
						<line number="306" hits="1"/>
						<line number="313" hits="1"/>
						<line number="314" hits="1"/>
						<line number="315" hits="1"/>
						<line number="319" hits="1"/>
						<line number="320" hits="1"/>
						<line number="327" hits="1"/>
						<line number="329" hits="1"/>
						<line number="330" hits="1"/>
						<line number="331" hits="1"/>
						<line number="333" hits="1"/>
						<line number="334" hits="1"/>
						<line number="336" hits="1"/>
						<line number="338" hits="1"/>
						<line number="339" hits="1"/>
						<line number="340" hits="1"/>
						<line number="341" hits="1"/>
						<line number="342" hits="1"/>
						<line number="343" hits="1"/>
						<line number="344" hits="1"/>
						<line number="346" hits="1"/>
						<line number="358" hits="1"/>
						<line number="363" hits="1"/>
						<line number="365" hits="1"/>
						<line number="367" hits="1"/>
						<line number="369" hits="1"/>
						<line number="371" hits="0"/>
						<line number="372" hits="0"/>
						<line number="373" hits="0"/>
						<line number="374" hits="0"/>
						<line number="375" hits="0"/>
						<line number="376" hits="0"/>
						<line number="377" hits="0"/>
						<line number="378" hits="0"/>
						<line number="379" hits="0"/>
						<line number="380" hits="0"/>
						<line number="381" hits="0"/>
						<line number="383" hits="1"/>
						<line number="385" hits="0"/>
						<line number="386" hits="0"/>
						<line number="387" hits="0"/>
						<line number="388" hits="0"/>
						<line number="389" hits="0"/>
						<line number="390" hits="0"/>
						<line number="391" hits="0"/>
						<line number="393" hits="1"/>
						<line number="395" hits="0"/>
						<line number="396" hits="0"/>
						<line number="398" hits="1"/>
						<line number="400" hits="1"/>
						<line number="408" hits="1"/>
						<line number="429" hits="1"/>
						<line number="430" hits="1"/>
						<line number="431" hits="1"/>
						<line number="432" hits="1"/>
						<line number="433" hits="1"/>
					</lines>
				</class>
				<class name="jobs.py" filename="src/qufin/api/jobs.py" complexity="0" line-rate="0.6941" branch-rate="0">
					<methods/>
					<lines>
						<line number="16" hits="1"/>
						<line number="18" hits="1"/>
						<line number="19" hits="1"/>
						<line number="20" hits="1"/>
						<line number="21" hits="1"/>
						<line number="22" hits="1"/>
						<line number="28" hits="1"/>
						<line number="29" hits="1"/>
						<line number="30" hits="0"/>
						<line number="31" hits="0"/>
						<line number="33" hits="0"/>
						<line number="39" hits="1"/>
						<line number="40" hits="1"/>
						<line number="42" hits="1"/>
						<line number="53" hits="1"/>
						<line number="56" hits="1"/>
						<line number="57" hits="1"/>
						<line number="58" hits="1"/>
						<line number="59" hits="1"/>
						<line number="62" hits="1"/>
						<line number="65" hits="1"/>
						<line number="66" hits="1"/>
						<line number="67" hits="1"/>
						<line number="68" hits="1"/>
						<line number="69" hits="1"/>
						<line number="72" hits="1"/>
						<line number="75" hits="1"/>
						<line number="76" hits="1"/>
						<line number="80" hits="1"/>
						<line number="88" hits="1"/>
						<line number="96" hits="1"/>
						<line number="107" hits="1"/>
						<line number="108" hits="1"/>
						<line number="111" hits="1"/>
						<line number="112" hits="1"/>
						<line number="113" hits="1"/>
						<line number="114" hits="1"/>
						<line number="115" hits="1"/>
						<line number="116" hits="1"/>
						<line number="117" hits="1"/>
						<line number="118" hits="1"/>
						<line number="119" hits="1"/>
						<line number="120" hits="1"/>
						<line number="121" hits="1"/>
						<line number="123" hits="1"/>
						<line number="125" hits="1"/>
						<line number="139" hits="1"/>
						<line number="140" hits="1"/>
						<line number="142" hits="1"/>
						<line number="162" hits="1"/>
						<line number="188" hits="1"/>
						<line number="189" hits="1"/>
						<line number="194" hits="0"/>
						<line number="196" hits="0"/>
						<line number="202" hits="0"/>
						<line number="217" hits="0"/>
						<line number="219" hits="0"/>
						<line number="222" hits="1"/>
						<line number="225" hits="0"/>
						<line number="226" hits="0"/>
						<line number="228" hits="0"/>
						<line number="229" hits="0"/>
						<line number="231" hits="0"/>
						<line number="232" hits="0"/>
						<line number="233" hits="0"/>
						<line number="234" hits="0"/>
						<line number="235" hits="0"/>
						<line number="239" hits="0"/>
						<line number="240" hits="0"/>
						<line number="242" hits="0"/>
						<line number="243" hits="0"/>
						<line number="245" hits="0"/>
						<line number="246" hits="0"/>
						<line number="247" hits="0"/>
						<line number="248" hits="0"/>
						<line number="249" hits="0"/>
						<line number="253" hits="0"/>
						<line number="254" hits="0"/>
						<line number="256" hits="0"/>
						<line number="257" hits="0"/>
						<line number="259" hits="0"/>
						<line number="260" hits="0"/>
						<line number="261" hits="0"/>
						<line number="262" hits="0"/>
						<line number="263" hits="0"/>
						<line number="267" hits="0"/>
						<line number="268" hits="0"/>
						<line number="270" hits="0"/>
						<line number="271" hits="0"/>
						<line number="273" hits="0"/>
						<line number="274" hits="0"/>
						<line number="275" hits="0"/>
						<line number="276" hits="0"/>
						<line number="277" hits="0"/>
						<line number="287" hits="1"/>
						<line number="306" hits="1"/>
						<line number="313" hits="1"/>
						<line number="314" hits="1"/>
						<line number="315" hits="1"/>
						<line number="316" hits="1"/>
						<line number="317" hits="1"/>
						<line number="319" hits="1"/>
						<line number="320" hits="1"/>
						<line number="321" hits="1"/>
						<line number="325" hits="0"/>
						<line number="326" hits="0"/>
						<line number="328" hits="1"/>
						<line number="329" hits="1"/>
						<line number="331" hits="1"/>
						<line number="333" hits="1"/>
						<line number="361" hits="1"/>
						<line number="362" hits="1"/>
						<line number="364" hits="1"/>
						<line number="365" hits="1"/>
						<line number="366" hits="1"/>
						<line number="368" hits="1"/>
						<line number="377" hits="1"/>
						<line number="380" hits="1"/>
						<line number="381" hits="1"/>
						<line number="382" hits="1"/>
						<line number="383" hits="1"/>
						<line number="384" hits="1"/>
						<line number="393" hits="1"/>
						<line number="394" hits="0"/>
						<line number="395" hits="0"/>
						<line number="396" hits="0"/>
						<line number="398" hits="1"/>
						<line number="400" hits="1"/>
						<line number="418" hits="1"/>
						<line number="419" hits="1"/>
						<line number="421" hits="1"/>
						<line number="424" hits="1"/>
						<line number="428" hits="1"/>
						<line number="429" hits="1"/>
						<line number="430" hits="1"/>
						<line number="432" hits="1"/>
						<line number="433" hits="0"/>
						<line number="434" hits="1"/>
						<line number="435" hits="0"/>
						<line number="436" hits="1"/>
						<line number="437" hits="1"/>
						<line number="438" hits="1"/>
						<line number="439" hits="1"/>
						<line number="440" hits="1"/>
						<line number="445" hits="1"/>
						<line number="447" hits="1"/>
						<line number="448" hits="0"/>
						<line number="451" hits="1"/>
						<line number="453" hits="1"/>
						<line number="475" hits="1"/>
						<line number="477" hits="1"/>
						<line number="478" hits="1"/>
						<line number="480" hits="1"/>
						<line number="481" hits="1"/>
						<line number="483" hits="1"/>
						<line number="484" hits="0"/>
						<line number="485" hits="0"/>
						<line number="486" hits="0"/>
						<line number="487" hits="0"/>
						<line number="488" hits="0"/>
						<line number="489" hits="0"/>
						<line number="490" hits="0"/>
						<line number="491" hits="0"/>
						<line number="492" hits="0"/>
						<line number="493" hits="0"/>
						<line number="494" hits="0"/>
						<line number="495" hits="0"/>
						<line number="497" hits="1"/>
						<line number="499" hits="1"/>
						<line number="519" hits="1"/>
						<line number="520" hits="1"/>
						<line number="522" hits="1"/>
						<line number="524" hits="1"/>
						<line number="525" hits="1"/>
						<line number="529" hits="1"/>
						<line number="530" hits="1"/>
						<line number="532" hits="1"/>
						<line number="533" hits="1"/>
						<line number="535" hits="1"/>
						<line number="536" hits="1"/>
						<line number="537" hits="1"/>
						<line number="539" hits="1"/>
						<line number="558" hits="1"/>
						<line number="560" hits="1"/>
						<line number="561" hits="1"/>
						<line number="562" hits="1"/>
						<line number="564" hits="1"/>
						<line number="565" hits="1"/>
						<line number="568" hits="1"/>
						<line number="570" hits="1"/>
						<line number="571" hits="1"/>
						<line number="573" hits="1"/>
						<line number="581" hits="1"/>
						<line number="582" hits="1"/>
						<line number="584" hits="1"/>
						<line number="585" hits="1"/>
						<line number="586" hits="1"/>
						<line number="588" hits="1"/>
						<line number="589" hits="1"/>
						<line number="591" hits="1"/>
						<line number="592" hits="0"/>
						<line number="593" hits="1"/>
						<line number="594" hits="1"/>
						<line number="595" hits="1"/>
						<line number="596" hits="0"/>
						<line number="597" hits="0"/>
						<line number="599" hits="1"/>
						<line number="600" hits="1"/>
						<line number="602" hits="1"/>
						<line number="604" hits="1"/>
						<line number="612" hits="1"/>
						<line number="619" hits="1"/>
						<line number="620" hits="1"/>
						<line number="621" hits="1"/>
						<line number="622" hits="1"/>
						<line number="623" hits="1"/>
						<line number="624" hits="1"/>
						<line number="625" hits="1"/>
						<line number="627" hits="1"/>
					</lines>
				</class>
				<class name="server.py" filename="src/qufin/api/server.py" complexity="0" line-rate="0.7839" branch-rate="0">
					<methods/>
					<lines>
						<line number="16" hits="1"/>
						<line number="18" hits="1"/>
						<line number="19" hits="1"/>
						<line number="20" hits="1"/>
						<line number="21" hits="1"/>
						<line number="22" hits="1"/>
						<line number="23" hits="1"/>
						<line number="25" hits="1"/>
						<line number="30" hits="1"/>
						<line number="31" hits="1"/>
						<line number="32" hits="1"/>
						<line number="34" hits="1"/>
						<line number="43" hits="1"/>
						<line number="46" hits="1"/>
						<line number="47" hits="1"/>
						<line number="48" hits="1"/>
						<line number="51" hits="1"/>
						<line number="54" hits="1"/>
						<line number="55" hits="1"/>
						<line number="56" hits="1"/>
						<line number="59" hits="1"/>
						<line number="62" hits="1"/>
						<line number="63" hits="1"/>
						<line number="64" hits="1"/>
						<line number="67" hits="1"/>
						<line number="70" hits="1"/>
						<line number="71" hits="1"/>
						<line number="72" hits="1"/>
						<line number="73" hits="1"/>
						<line number="74" hits="1"/>
						<line number="80" hits="1"/>
						<line number="83" hits="1"/>
						<line number="84" hits="1"/>
						<line number="85" hits="1"/>
						<line number="86" hits="1"/>
						<line number="92" hits="1"/>
						<line number="95" hits="1"/>
						<line number="96" hits="1"/>
						<line number="97" hits="1"/>
						<line number="98" hits="1"/>
						<line number="101" hits="1"/>
						<line number="104" hits="1"/>
						<line number="105" hits="1"/>
						<line number="108" hits="1"/>
						<line number="111" hits="1"/>
						<line number="112" hits="1"/>
						<line number="113" hits="1"/>
						<line number="114" hits="1"/>
						<line number="115" hits="1"/>
						<line number="116" hits="1"/>
						<line number="117" hits="1"/>
						<line number="118" hits="1"/>
						<line number="119" hits="1"/>
						<line number="120" hits="1"/>
						<line number="123" hits="1"/>
						<line number="126" hits="1"/>
						<line number="129" hits="1"/>
						<line number="130" hits="1"/>
						<line number="131" hits="1"/>
						<line number="132" hits="1"/>
						<line number="133" hits="1"/>
						<line number="134" hits="1"/>
						<line number="135" hits="1"/>
						<line number="141" hits="1"/>
						<line number="144" hits="1"/>
						<line number="145" hits="1"/>
						<line number="146" hits="1"/>
						<line number="147" hits="1"/>
						<line number="150" hits="1"/>
						<line number="153" hits="1"/>
						<line number="154" hits="1"/>
						<line number="155" hits="1"/>
						<line number="156" hits="1"/>
						<line number="157" hits="1"/>
						<line number="158" hits="1"/>
						<line number="161" hits="1"/>
						<line number="164" hits="1"/>
						<line number="167" hits="1"/>
						<line number="168" hits="1"/>
						<line number="169" hits="1"/>
						<line number="170" hits="1"/>
						<line number="171" hits="1"/>
						<line number="174" hits="1"/>
						<line number="177" hits="1"/>
						<line number="178" hits="1"/>
						<line number="179" hits="1"/>
						<line number="182" hits="1"/>
						<line number="183" hits="1"/>
						<line number="186" hits="1"/>
						<line number="189" hits="1"/>
						<line number="192" hits="1"/>
						<line number="193" hits="1"/>
						<line number="194" hits="1"/>
						<line number="197" hits="1"/>
						<line number="200" hits="1"/>
						<line number="201" hits="1"/>
						<line number="202" hits="1"/>
						<line number="203" hits="1"/>
						<line number="204" hits="1"/>
						<line number="205" hits="1"/>
						<line number="206" hits="1"/>
						<line number="209" hits="1"/>
						<line number="212" hits="1"/>
						<line number="215" hits="1"/>
						<line number="216" hits="1"/>
						<line number="217" hits="1"/>
						<line number="220" hits="1"/>
						<line number="223" hits="1"/>
						<line number="224" hits="1"/>
						<line number="225" hits="1"/>
						<line number="226" hits="1"/>
						<line number="227" hits="1"/>
						<line number="228" hits="1"/>
						<line number="231" hits="1"/>
						<line number="234" hits="1"/>
						<line number="235" hits="1"/>
						<line number="236" hits="1"/>
						<line number="244" hits="1"/>
						<line number="255" hits="1"/>
						<line number="256" hits="1"/>
						<line number="257" hits="1"/>
						<line number="258" hits="1"/>
						<line number="260" hits="1"/>
						<line number="262" hits="1"/>
						<line number="263" hits="1"/>
						<line number="265" hits="1"/>
						<line number="266" hits="1"/>
						<line number="267" hits="1"/>
						<line number="268" hits="1"/>
						<line number="269" hits="1"/>
						<line number="271" hits="1"/>
						<line number="273" hits="1"/>
						<line number="274" hits="1"/>
						<line number="276" hits="1"/>
						<line number="284" hits="1"/>
						<line number="287" hits="1"/>
						<line number="288" hits="1"/>
						<line number="290" hits="1"/>
						<line number="292" hits="1"/>
						<line number="293" hits="1"/>
						<line number="294" hits="1"/>
						<line number="304" hits="1"/>
						<line number="306" hits="1"/>
						<line number="308" hits="1"/>
						<line number="310" hits="1"/>
						<line number="318" hits="1"/>
						<line number="319" hits="1"/>
						<line number="320" hits="1"/>
						<line number="321" hits="1"/>
						<line number="322" hits="1"/>
						<line number="323" hits="1"/>
						<line number="324" hits="1"/>
						<line number="325" hits="1"/>
						<line number="326" hits="0"/>
						<line number="327" hits="1"/>
						<line number="329" hits="1"/>
						<line number="331" hits="1"/>
						<line number="333" hits="1"/>
						<line number="335" hits="1"/>
						<line number="343" hits="1"/>
						<line number="345" hits="1"/>
						<line number="347" hits="1"/>
						<line number="350" hits="1"/>
						<line number="351" hits="1"/>
						<line number="352" hits="1"/>
						<line number="354" hits="1"/>
						<line number="355" hits="1"/>
						<line number="356" hits="1"/>
						<line number="358" hits="1"/>
						<line number="360" hits="1"/>
						<line number="361" hits="1"/>
						<line number="362" hits="1"/>
						<line number="364" hits="1"/>
						<line number="365" hits="1"/>
						<line number="366" hits="0"/>
						<line number="368" hits="0"/>
						<line number="369" hits="0"/>
						<line number="370" hits="0"/>
						<line number="371" hits="0"/>
						<line number="373" hits="0"/>
						<line number="374" hits="0"/>
						<line number="375" hits="0"/>
						<line number="376" hits="0"/>
						<line number="377" hits="0"/>
						<line number="378" hits="0"/>
						<line number="379" hits="0"/>
						<line number="381" hits="0"/>
						<line number="382" hits="0"/>
						<line number="383" hits="0"/>
						<line number="384" hits="0"/>
						<line number="390" hits="0"/>
						<line number="391" hits="0"/>
						<line number="393" hits="0"/>
						<line number="396" hits="1"/>
						<line number="397" hits="1"/>
						<line number="398" hits="1"/>
						<line number="400" hits="1"/>
						<line number="401" hits="1"/>
						<line number="402" hits="1"/>
						<line number="404" hits="1"/>
						<line number="406" hits="1"/>
						<line number="417" hits="1"/>
						<line number="423" hits="1"/>
						<line number="424" hits="0"/>
						<line number="426" hits="1"/>
						<line number="428" hits="1"/>
						<line number="429" hits="1"/>
						<line number="430" hits="1"/>
						<line number="431" hits="1"/>
						<line number="434" hits="1"/>
						<line number="436" hits="1"/>
						<line number="437" hits="1"/>
						<line number="438" hits="1"/>
						<line number="440" hits="1"/>
						<line number="442" hits="1"/>
						<line number="451" hits="1"/>
						<line number="452" hits="1"/>
						<line number="453" hits="0"/>
						<line number="454" hits="0"/>
						<line number="455" hits="0"/>
						<line number="457" hits="0"/>
						<line number="466" hits="0"/>
						<line number="467" hits="0"/>
						<line number="468" hits="0"/>
						<line number="469" hits="0"/>
						<line number="470" hits="0"/>
						<line number="471" hits="0"/>
						<line number="472" hits="0"/>
						<line number="473" hits="0"/>
						<line number="474" hits="0"/>
						<line number="476" hits="0"/>
						<line number="477" hits="0"/>
						<line number="478" hits="0"/>
						<line number="479" hits="0"/>
						<line number="480" hits="0"/>
						<line number="486" hits="0"/>
						<line number="487" hits="0"/>
						<line number="488" hits="0"/>
						<line number="490" hits="0"/>
						<line number="492" hits="1"/>
						<line number="500" hits="1"/>
						<line number="502" hits="1"/>
						<line number="512" hits="1"/>
						<line number="514" hits="1"/>
						<line number="516" hits="1"/>
						<line number="518" hits="1"/>
						<line number="519" hits="1"/>
						<line number="522" hits="1"/>
						<line number="523" hits="1"/>
						<line number="525" hits="1"/>
						<line number="527" hits="1"/>
						<line number="528" hits="1"/>
						<line number="529" hits="1"/>
						<line number="531" hits="1"/>
						<line number="536" hits="1"/>
						<line number="537" hits="1"/>
						<line number="538" hits="0"/>
						<line number="539" hits="0"/>
						<line number="540" hits="0"/>
						<line number="541" hits="0"/>
						<line number="542" hits="0"/>
						<line number="544" hits="0"/>
						<line number="545" hits="0"/>
						<line number="546" hits="0"/>
						<line number="548" hits="0"/>
						<line number="553" hits="0"/>
						<line number="554" hits="0"/>
						<line number="555" hits="0"/>
						<line number="556" hits="0"/>
						<line number="558" hits="0"/>
						<line number="559" hits="0"/>
						<line number="560" hits="0"/>
						<line number="561" hits="0"/>
						<line number="562" hits="0"/>
						<line number="564" hits="0"/>
						<line number="565" hits="0"/>
						<line number="566" hits="0"/>
						<line number="568" hits="0"/>
						<line number="569" hits="0"/>
						<line number="570" hits="0"/>
						<line number="575" hits="0"/>
						<line number="576" hits="0"/>
						<line number="577" hits="0"/>
						<line number="578" hits="0"/>
						<line number="580" hits="0"/>
						<line number="581" hits="0"/>
						<line number="583" hits="1"/>
						<line number="584" hits="1"/>
						<line number="587" hits="1"/>
						<line number="588" hits="1"/>
						<line number="589" hits="1"/>
						<line number="595" hits="1"/>
						<line number="604" hits="1"/>
						<line number="606" hits="1"/>
						<line number="623" hits="1"/>
						<line number="624" hits="1"/>
						<line number="625" hits="1"/>
						<line number="628" hits="1"/>
						<line number="661" hits="1"/>
						<line number="662" hits="0"/>
						<line number="668" hits="1"/>
						<line number="669" hits="1"/>
						<line number="670" hits="1"/>
						<line number="672" hits="1"/>
						<line number="682" hits="1"/>
						<line number="684" hits="1"/>
						<line number="689" hits="1"/>
						<line number="690" hits="1"/>
						<line number="691" hits="1"/>
						<line number="692" hits="1"/>
						<line number="696" hits="1"/>
						<line number="700" hits="1"/>
						<line number="702" hits="1"/>
						<line number="703" hits="1"/>
						<line number="704" hits="0"/>
						<line number="711" hits="1"/>
						<line number="712" hits="1"/>
						<line number="714" hits="1"/>
						<line number="715" hits="1"/>
						<line number="716" hits="0"/>
						<line number="717" hits="0"/>
						<line number="718" hits="1"/>
						<line number="726" hits="1"/>
						<line number="732" hits="1"/>
						<line number="741" hits="1"/>
						<line number="742" hits="1"/>
						<line number="743" hits="1"/>
						<line number="744" hits="1"/>
						<line number="748" hits="1"/>
						<line number="754" hits="1"/>
						<line number="763" hits="1"/>
						<line number="764" hits="1"/>
						<line number="765" hits="1"/>
						<line number="766" hits="1"/>
						<line number="770" hits="1"/>
						<line number="776" hits="1"/>
						<line number="784" hits="1"/>
						<line number="785" hits="1"/>
						<line number="786" hits="1"/>
						<line number="787" hits="1"/>
						<line number="791" hits="1"/>
						<line number="797" hits="1"/>
						<line number="802" hits="1"/>
						<line number="803" hits="1"/>
						<line number="804" hits="1"/>
						<line number="808" hits="1"/>
						<line number="817" hits="1"/>
						<line number="822" hits="1"/>
						<line number="827" hits="1"/>
						<line number="828" hits="1"/>
						<line number="829" hits="1"/>
						<line number="833" hits="1"/>
						<line number="834" hits="0"/>
						<line number="838" hits="1"/>
						<line number="839" hits="1"/>
						<line number="841" hits="1"/>
						<line number="847" hits="1"/>
						<line number="851" hits="1"/>
						<line number="863" hits="1"/>
						<line number="867" hits="1"/>
						<line number="868" hits="1"/>
					</lines>
				</class>
			</classes>
		</package>
		<package name="src.qufin.backends" line-rate="0.9541" branch-rate="0" complexity="0">
			<classes>
				<class name="__init__.py" filename="src/qufin/backends/__init__.py" complexity="0" line-rate="0.9231" branch-rate="0">
					<methods/>
					<lines>
						<line number="3" hits="1"/>
						<line number="5" hits="1"/>
						<line number="12" hits="1"/>
						<line number="13" hits="1"/>
						<line number="15" hits="1"/>
						<line number="27" hits="1"/>
						<line number="29" hits="1"/>
						<line number="31" hits="1"/>
						<line number="34" hits="1"/>
						<line number="36" hits="1"/>
						<line number="38" hits="1"/>
						<line number="41" hits="1"/>
						<line number="43" hits="1"/>
						<line number="45" hits="1"/>
						<line number="48" hits="1"/>
						<line number="50" hits="1"/>
						<line number="52" hits="1"/>
						<line number="55" hits="1"/>
						<line number="57" hits="1"/>
						<line number="59" hits="1"/>
						<line number="62" hits="1"/>
						<line number="64" hits="1"/>
						<line number="66" hits="1"/>
						<line number="69" hits="1"/>
						<line number="71" hits="0"/>
						<line number="73" hits="0"/>
					</lines>
				</class>
				<class name="auto_select.py" filename="src/qufin/backends/auto_select.py" complexity="0" line-rate="0.969" branch-rate="0">
					<methods/>
					<lines>
						<line number="8" hits="1"/>
						<line number="10" hits="1"/>
						<line number="11" hits="1"/>
						<line number="13" hits="1"/>
						<line number="20" hits="1"/>
						<line number="21" hits="1"/>
						<line number="36" hits="1"/>
						<line number="37" hits="1"/>
						<line number="38" hits="1"/>
						<line number="39" hits="1"/>
						<line number="41" hits="1"/>
						<line number="42" hits="1"/>
						<line number="44" hits="1"/>
						<line number="46" hits="1"/>
						<line number="47" hits="1"/>
						<line number="49" hits="1"/>
						<line number="50" hits="1"/>
						<line number="55" hits="1"/>
						<line number="67" hits="1"/>
						<line number="68" hits="1"/>
						<line number="69" hits="1"/>
						<line number="70" hits="1"/>
						<line number="72" hits="1"/>
						<line number="73" hits="1"/>
						<line number="75" hits="1"/>
						<line number="76" hits="1"/>
						<line number="77" hits="1"/>
						<line number="78" hits="1"/>
						<line number="80" hits="1"/>
						<line number="83" hits="1"/>
						<line number="84" hits="1"/>
						<line number="85" hits="1"/>
						<line number="86" hits="1"/>
						<line number="87" hits="1"/>
						<line number="89" hits="1"/>
						<line number="102" hits="1"/>
						<line number="113" hits="1"/>
						<line number="114" hits="1"/>
						<line number="115" hits="1"/>
						<line number="117" hits="1"/>
						<line number="123" hits="1"/>
						<line number="125" hits="1"/>
						<line number="127" hits="1"/>
						<line number="128" hits="1"/>
						<line number="130" hits="1"/>
						<line number="149" hits="1"/>
						<line number="150" hits="1"/>
						<line number="154" hits="1"/>
						<line number="155" hits="1"/>
						<line number="156" hits="1"/>
						<line number="158" hits="1"/>
						<line number="159" hits="1"/>
						<line number="161" hits="1"/>
						<line number="163" hits="1"/>
						<line number="165" hits="1"/>
						<line number="166" hits="1"/>
						<line number="174" hits="1"/>
						<line number="182" hits="1"/>
						<line number="185" hits="1"/>
						<line number="188" hits="1"/>
						<line number="189" hits="1"/>
						<line number="191" hits="1"/>
						<line number="196" hits="1"/>
						<line number="197" hits="1"/>
						<line number="199" hits="0"/>
						<line number="204" hits="1"/>
						<line number="205" hits="1"/>
						<line number="207" hits="0"/>
						<line number="212" hits="1"/>
						<line number="213" hits="1"/>
						<line number="215" hits="0"/>
						<line number="220" hits="1"/>
						<line number="221" hits="1"/>
						<line number="223" hits="0"/>
						<line number="227" hits="1"/>
						<line number="235" hits="1"/>
						<line number="236" hits="1"/>
						<line number="239" hits="1"/>
						<line number="270" hits="1"/>
						<line number="271" hits="1"/>
						<line number="273" hits="1"/>
						<line number="276" hits="1"/>
						<line number="277" hits="1"/>
						<line number="278" hits="1"/>
						<line number="279" hits="1"/>
						<line number="282" hits="1"/>
						<line number="283" hits="1"/>
						<line number="284" hits="1"/>
						<line number="285" hits="1"/>
						<line number="286" hits="1"/>
						<line number="289" hits="1"/>
						<line number="290" hits="1"/>
						<line number="291" hits="1"/>
						<line number="292" hits="1"/>
						<line number="293" hits="1"/>
						<line number="296" hits="1"/>
						<line number="297" hits="1"/>
						<line number="298" hits="1"/>
						<line number="299" hits="1"/>
						<line number="302" hits="1"/>
						<line number="304" hits="1"/>
						<line number="307" hits="1"/>
						<line number="316" hits="1"/>
						<line number="317" hits="1"/>
						<line number="319" hits="1"/>
						<line number="320" hits="1"/>
						<line number="321" hits="1"/>
						<line number="323" hits="1"/>
						<line number="325" hits="1"/>
						<line number="326" hits="1"/>
						<line number="328" hits="1"/>
						<line number="330" hits="1"/>
						<line number="331" hits="1"/>
						<line number="333" hits="1"/>
						<line number="334" hits="1"/>
						<line number="335" hits="1"/>
						<line number="336" hits="1"/>
						<line number="338" hits="1"/>
						<line number="339" hits="1"/>
						<line number="341" hits="1"/>
						<line number="343" hits="1"/>
						<line number="344" hits="1"/>
						<line number="346" hits="1"/>
						<line number="348" hits="1"/>
						<line number="349" hits="1"/>
						<line number="351" hits="1"/>
						<line number="353" hits="1"/>
						<line number="354" hits="1"/>
						<line number="356" hits="1"/>
					</lines>
				</class>
				<class name="base.py" filename="src/qufin/backends/base.py" complexity="0" line-rate="0.9394" branch-rate="0">
					<methods/>
					<lines>
						<line number="3" hits="1"/>
						<line number="5" hits="1"/>
						<line number="6" hits="1"/>
						<line number="7" hits="1"/>
						<line number="9" hits="1"/>
						<line number="10" hits="1"/>
						<line number="13" hits="1"/>
						<line number="14" hits="1"/>
						<line number="17" hits="1"/>
						<line number="18" hits="1"/>
						<line number="19" hits="1"/>
						<line number="20" hits="1"/>
						<line number="21" hits="1"/>
						<line number="23" hits="1"/>
						<line number="24" hits="1"/>
						<line number="26" hits="1"/>
						<line number="27" hits="0"/>
						<line number="28" hits="1"/>
						<line number="30" hits="1"/>
						<line number="31" hits="1"/>
						<line number="33" hits="1"/>
						<line number="34" hits="0"/>
						<line number="35" hits="1"/>
						<line number="38" hits="1"/>
						<line number="45" hits="1"/>
						<line number="46" hits="1"/>
						<line number="47" hits="1"/>
						<line number="50" hits="1"/>
						<line number="51" hits="1"/>
						<line number="54" hits="1"/>
						<line number="55" hits="1"/>
						<line number="58" hits="1"/>
						<line number="60" hits="1"/>
					</lines>
				</class>
				<class name="dynamical_decoupling.py" filename="src/qufin/backends/dynamical_decoupling.py" complexity="0" line-rate="0.9776" branch-rate="0">
					<methods/>
					<lines>
						<line number="22" hits="1"/>
						<line number="24" hits="1"/>
						<line number="25" hits="1"/>
						<line number="26" hits="1"/>
						<line number="28" hits="1"/>
						<line number="30" hits="1"/>
						<line number="33" hits="1"/>
						<line number="36" hits="1"/>
						<line number="37" hits="1"/>
						<line number="38" hits="1"/>
						<line number="39" hits="1"/>
						<line number="42" hits="1"/>
						<line number="43" hits="1"/>
						<line number="61" hits="1"/>
						<line number="62" hits="1"/>
						<line number="63" hits="1"/>
						<line number="64" hits="1"/>
						<line number="65" hits="1"/>
						<line number="68" hits="1"/>
						<line number="83" hits="1"/>
						<line number="86" hits="1"/>
						<line number="103" hits="1"/>
						<line number="104" hits="1"/>
						<line number="105" hits="1"/>
						<line number="108" hits="1"/>
						<line number="130" hits="1"/>
						<line number="131" hits="1"/>
						<line number="132" hits="1"/>
						<line number="133" hits="1"/>
						<line number="134" hits="1"/>
						<line number="135" hits="1"/>
						<line number="136" hits="1"/>
						<line number="139" hits="1"/>
						<line number="156" hits="1"/>
						<line number="157" hits="1"/>
						<line number="160" hits="1"/>
						<line number="161" hits="1"/>
						<line number="163" hits="1"/>
						<line number="164" hits="1"/>
						<line number="165" hits="1"/>
						<line number="166" hits="1"/>
						<line number="167" hits="1"/>
						<line number="168" hits="1"/>
						<line number="169" hits="1"/>
						<line number="170" hits="1"/>
						<line number="171" hits="1"/>
						<line number="173" hits="1"/>
						<line number="174" hits="1"/>
						<line number="175" hits="1"/>
						<line number="177" hits="1"/>
						<line number="178" hits="1"/>
						<line number="181" hits="1"/>
						<line number="193" hits="1"/>
						<line number="200" hits="1"/>
						<line number="201" hits="1"/>
						<line number="204" hits="1"/>
						<line number="207" hits="1"/>
						<line number="224" hits="1"/>
						<line number="226" hits="1"/>
						<line number="227" hits="1"/>
						<line number="229" hits="1"/>
						<line number="230" hits="1"/>
						<line number="232" hits="1"/>
						<line number="233" hits="1"/>
						<line number="236" hits="1"/>
						<line number="240" hits="1"/>
						<line number="241" hits="1"/>
						<line number="243" hits="1"/>
						<line number="244" hits="1"/>
						<line number="245" hits="1"/>
						<line number="246" hits="1"/>
						<line number="247" hits="1"/>
						<line number="248" hits="1"/>
						<line number="249" hits="1"/>
						<line number="250" hits="1"/>
						<line number="251" hits="1"/>
						<line number="253" hits="1"/>
						<line number="254" hits="1"/>
						<line number="256" hits="1"/>
						<line number="258" hits="1"/>
						<line number="259" hits="1"/>
						<line number="260" hits="1"/>
						<line number="261" hits="1"/>
						<line number="262" hits="1"/>
						<line number="263" hits="0"/>
						<line number="269" hits="1"/>
						<line number="270" hits="1"/>
						<line number="271" hits="1"/>
						<line number="274" hits="1"/>
						<line number="275" hits="1"/>
						<line number="276" hits="1"/>
						<line number="277" hits="1"/>
						<line number="278" hits="1"/>
						<line number="280" hits="1"/>
						<line number="283" hits="1"/>
						<line number="295" hits="1"/>
						<line number="296" hits="1"/>
						<line number="297" hits="1"/>
						<line number="298" hits="1"/>
						<line number="299" hits="1"/>
						<line number="300" hits="1"/>
						<line number="301" hits="1"/>
						<line number="302" hits="1"/>
						<line number="303" hits="1"/>
						<line number="304" hits="1"/>
						<line number="305" hits="1"/>
						<line number="306" hits="1"/>
						<line number="307" hits="1"/>
						<line number="308" hits="1"/>
						<line number="309" hits="1"/>
						<line number="312" hits="1"/>
						<line number="313" hits="1"/>
						<line number="315" hits="0"/>
						<line number="318" hits="1"/>
						<line number="341" hits="1"/>
						<line number="342" hits="1"/>
						<line number="348" hits="1"/>
						<line number="349" hits="1"/>
						<line number="350" hits="1"/>
						<line number="351" hits="1"/>
						<line number="352" hits="1"/>
						<line number="353" hits="1"/>
						<line number="354" hits="1"/>
						<line number="355" hits="1"/>
						<line number="357" hits="0"/>
						<line number="359" hits="1"/>
						<line number="361" hits="1"/>
						<line number="369" hits="1"/>
						<line number="402" hits="1"/>
						<line number="404" hits="1"/>
						<line number="405" hits="1"/>
						<line number="408" hits="1"/>
						<line number="411" hits="1"/>
						<line number="419" hits="1"/>
					</lines>
				</class>
				<class name="error_mitigation.py" filename="src/qufin/backends/error_mitigation.py" complexity="0" line-rate="0.92" branch-rate="0">
					<methods/>
					<lines>
						<line number="23" hits="1"/>
						<line number="25" hits="1"/>
						<line number="26" hits="1"/>
						<line number="28" hits="1"/>
						<line number="29" hits="1"/>
						<line number="31" hits="1"/>
						<line number="34" hits="1"/>
						<line number="35" hits="1"/>
						<line number="52" hits="1"/>
						<line number="53" hits="1"/>
						<line number="54" hits="1"/>
						<line number="55" hits="1"/>
						<line number="56" hits="1"/>
						<line number="58" hits="1"/>
						<line number="59" hits="1"/>
						<line number="60" hits="0"/>
						<line number="68" hits="1"/>
						<line number="101" hits="1"/>
						<line number="102" hits="1"/>
						<line number="104" hits="1"/>
						<line number="106" hits="1"/>
						<line number="107" hits="1"/>
						<line number="108" hits="1"/>
						<line number="109" hits="1"/>
						<line number="111" hits="1"/>
						<line number="112" hits="1"/>
						<line number="113" hits="1"/>
						<line number="115" hits="1"/>
						<line number="116" hits="1"/>
						<line number="117" hits="1"/>
						<line number="118" hits="1"/>
						<line number="119" hits="1"/>
						<line number="123" hits="1"/>
						<line number="124" hits="1"/>
						<line number="126" hits="1"/>
						<line number="134" hits="1"/>
						<line number="141" hits="1"/>
						<line number="142" hits="1"/>
						<line number="144" hits="1"/>
						<line number="148" hits="1"/>
						<line number="149" hits="1"/>
						<line number="150" hits="1"/>
						<line number="151" hits="1"/>
						<line number="152" hits="1"/>
						<line number="154" hits="1"/>
						<line number="157" hits="1"/>
						<line number="164" hits="1"/>
						<line number="165" hits="1"/>
						<line number="166" hits="1"/>
						<line number="167" hits="1"/>
						<line number="168" hits="1"/>
						<line number="169" hits="1"/>
						<line number="170" hits="1"/>
						<line number="171" hits="1"/>
						<line number="172" hits="1"/>
						<line number="173" hits="1"/>
						<line number="174" hits="1"/>
						<line number="175" hits="1"/>
						<line number="183" hits="1"/>
						<line number="206" hits="1"/>
						<line number="208" hits="1"/>
						<line number="209" hits="1"/>
						<line number="211" hits="1"/>
						<line number="212" hits="1"/>
						<line number="214" hits="1"/>
						<line number="215" hits="1"/>
						<line number="216" hits="1"/>
						<line number="217" hits="1"/>
						<line number="218" hits="1"/>
						<line number="220" hits="1"/>
						<line number="221" hits="1"/>
						<line number="222" hits="1"/>
						<line number="223" hits="1"/>
						<line number="225" hits="1"/>
						<line number="228" hits="1"/>
						<line number="251" hits="1"/>
						<line number="252" hits="1"/>
						<line number="255" hits="1"/>
						<line number="256" hits="1"/>
						<line number="257" hits="1"/>
						<line number="258" hits="1"/>
						<line number="261" hits="1"/>
						<line number="262" hits="1"/>
						<line number="263" hits="1"/>
						<line number="266" hits="0"/>
						<line number="268" hits="0"/>
						<line number="269" hits="0"/>
						<line number="271" hits="0"/>
						<line number="272" hits="0"/>
						<line number="273" hits="0"/>
						<line number="274" hits="0"/>
						<line number="275" hits="0"/>
						<line number="278" hits="1"/>
						<line number="279" hits="1"/>
						<line number="280" hits="1"/>
						<line number="281" hits="1"/>
						<line number="284" hits="1"/>
						<line number="285" hits="1"/>
						<line number="286" hits="1"/>
						<line number="287" hits="1"/>
						<line number="288" hits="1"/>
						<line number="289" hits="1"/>
						<line number="290" hits="1"/>
						<line number="292" hits="1"/>
						<line number="306" hits="1"/>
						<line number="335" hits="1"/>
						<line number="336" hits="1"/>
						<line number="337" hits="1"/>
						<line number="339" hits="1"/>
						<line number="341" hits="1"/>
						<line number="344" hits="1"/>
						<line number="345" hits="1"/>
						<line number="346" hits="1"/>
						<line number="347" hits="1"/>
						<line number="348" hits="1"/>
						<line number="350" hits="1"/>
						<line number="353" hits="1"/>
						<line number="354" hits="1"/>
						<line number="356" hits="1"/>
						<line number="357" hits="1"/>
						<line number="358" hits="1"/>
						<line number="359" hits="1"/>
						<line number="360" hits="1"/>
						<line number="361" hits="1"/>
						<line number="363" hits="1"/>
						<line number="364" hits="1"/>
						<line number="366" hits="1"/>
						<line number="380" hits="1"/>
						<line number="381" hits="1"/>
						<line number="397" hits="1"/>
						<line number="398" hits="1"/>
						<line number="399" hits="1"/>
						<line number="400" hits="1"/>
						<line number="403" hits="1"/>
						<line number="433" hits="1"/>
						<line number="435" hits="1"/>
						<line number="436" hits="1"/>
						<line number="440" hits="1"/>
						<line number="442" hits="1"/>
						<line number="443" hits="1"/>
						<line number="444" hits="1"/>
						<line number="445" hits="1"/>
						<line number="447" hits="1"/>
						<line number="448" hits="1"/>
						<line number="449" hits="1"/>
						<line number="450" hits="1"/>
						<line number="451" hits="1"/>
						<line number="455" hits="1"/>
						<line number="456" hits="1"/>
						<line number="457" hits="1"/>
						<line number="458" hits="1"/>
						<line number="459" hits="1"/>
						<line number="460" hits="1"/>
						<line number="461" hits="1"/>
						<line number="462" hits="1"/>
						<line number="463" hits="1"/>
						<line number="464" hits="1"/>
						<line number="465" hits="1"/>
						<line number="466" hits="1"/>
						<line number="468" hits="0"/>
						<line number="471" hits="1"/>
						<line number="472" hits="1"/>
						<line number="473" hits="1"/>
						<line number="474" hits="1"/>
						<line number="475" hits="1"/>
						<line number="478" hits="1"/>
						<line number="479" hits="1"/>
						<line number="480" hits="1"/>
						<line number="482" hits="1"/>
						<line number="484" hits="1"/>
						<line number="489" hits="1"/>
						<line number="492" hits="1"/>
						<line number="518" hits="1"/>
						<line number="522" hits="1"/>
						<line number="523" hits="1"/>
						<line number="524" hits="0"/>
						<line number="525" hits="0"/>
						<line number="527" hits="1"/>
						<line number="531" hits="1"/>
						<line number="532" hits="1"/>
						<line number="534" hits="1"/>
						<line number="537" hits="0"/>
						<line number="539" hits="1"/>
						<line number="541" hits="1"/>
						<line number="548" hits="1"/>
						<line number="571" hits="1"/>
						<line number="573" hits="1"/>
						<line number="574" hits="1"/>
						<line number="577" hits="1"/>
						<line number="578" hits="1"/>
						<line number="579" hits="1"/>
						<line number="580" hits="1"/>
						<line number="581" hits="1"/>
						<line number="582" hits="1"/>
						<line number="584" hits="0"/>
						<line number="587" hits="1"/>
						<line number="588" hits="1"/>
						<line number="590" hits="1"/>
						<line number="593" hits="1"/>
						<line number="627" hits="1"/>
						<line number="628" hits="0"/>
						<line number="629" hits="1"/>
						<line number="630" hits="1"/>
						<line number="632" hits="1"/>
						<line number="634" hits="1"/>
						<line number="636" hits="1"/>
						<line number="637" hits="1"/>
						<line number="638" hits="1"/>
						<line number="639" hits="1"/>
						<line number="642" hits="1"/>
						<line number="645" hits="1"/>
						<line number="646" hits="1"/>
						<line number="647" hits="1"/>
						<line number="648" hits="1"/>
						<line number="652" hits="1"/>
						<line number="653" hits="1"/>
						<line number="654" hits="1"/>
						<line number="656" hits="1"/>
						<line number="659" hits="1"/>
						<line number="662" hits="1"/>
						<line number="663" hits="1"/>
						<line number="664" hits="1"/>
						<line number="665" hits="1"/>
						<line number="666" hits="1"/>
						<line number="667" hits="1"/>
						<line number="671" hits="1"/>
						<line number="672" hits="1"/>
						<line number="673" hits="1"/>
						<line number="674" hits="1"/>
						<line number="676" hits="1"/>
						<line number="679" hits="1"/>
						<line number="680" hits="1"/>
						<line number="681" hits="1"/>
						<line number="683" hits="1"/>
						<line number="685" hits="1"/>
						<line number="700" hits="1"/>
						<line number="701" hits="1"/>
						<line number="716" hits="1"/>
						<line number="717" hits="1"/>
						<line number="718" hits="1"/>
						<line number="719" hits="1"/>
						<line number="723" hits="1"/>
						<line number="736" hits="1"/>
						<line number="755" hits="1"/>
						<line number="768" hits="1"/>
						<line number="769" hits="1"/>
						<line number="770" hits="1"/>
						<line number="771" hits="1"/>
						<line number="774" hits="1"/>
						<line number="799" hits="1"/>
						<line number="801" hits="1"/>
						<line number="804" hits="1"/>
						<line number="805" hits="1"/>
						<line number="806" hits="1"/>
						<line number="807" hits="1"/>
						<line number="808" hits="1"/>
						<line number="810" hits="1"/>
						<line number="811" hits="1"/>
						<line number="812" hits="1"/>
						<line number="815" hits="1"/>
						<line number="816" hits="1"/>
						<line number="817" hits="1"/>
						<line number="825" hits="1"/>
						<line number="827" hits="1"/>
						<line number="828" hits="1"/>
						<line number="829" hits="1"/>
						<line number="830" hits="1"/>
						<line number="832" hits="1"/>
						<line number="833" hits="1"/>
						<line number="835" hits="1"/>
						<line number="837" hits="1"/>
						<line number="838" hits="1"/>
						<line number="839" hits="0"/>
						<line number="840" hits="1"/>
						<line number="841" hits="0"/>
						<line number="842" hits="1"/>
						<line number="843" hits="0"/>
						<line number="844" hits="1"/>
						<line number="845" hits="0"/>
						<line number="846" hits="1"/>
						<line number="847" hits="0"/>
						<line number="848" hits="1"/>
						<line number="849" hits="1"/>
						<line number="850" hits="0"/>
						<line number="851" hits="0"/>
						<line number="853" hits="0"/>
						<line number="854" hits="1"/>
						<line number="855" hits="0"/>
						<line number="856" hits="1"/>
						<line number="857" hits="0"/>
						<line number="859" hits="1"/>
						<line number="861" hits="1"/>
						<line number="863" hits="1"/>
						<line number="866" hits="1"/>
						<line number="892" hits="1"/>
						<line number="893" hits="1"/>
						<line number="894" hits="1"/>
						<line number="895" hits="1"/>
						<line number="898" hits="1"/>
						<line number="935" hits="1"/>
						<line number="936" hits="0"/>
						<line number="937" hits="1"/>
						<line number="938" hits="1"/>
						<line number="940" hits="1"/>
						<line number="942" hits="1"/>
						<line number="943" hits="1"/>
						<line number="944" hits="1"/>
						<line number="945" hits="1"/>
						<line number="948" hits="1"/>
						<line number="955" hits="1"/>
						<line number="956" hits="1"/>
						<line number="958" hits="1"/>
						<line number="960" hits="1"/>
						<line number="961" hits="1"/>
						<line number="964" hits="1"/>
						<line number="970" hits="1"/>
						<line number="972" hits="1"/>
						<line number="973" hits="1"/>
						<line number="976" hits="1"/>
						<line number="977" hits="1"/>
						<line number="983" hits="1"/>
						<line number="986" hits="1"/>
						<line number="989" hits="1"/>
						<line number="991" hits="1"/>
						<line number="1002" hits="1"/>
						<line number="1019" hits="1"/>
						<line number="1020" hits="1"/>
						<line number="1021" hits="1"/>
						<line number="1023" hits="1"/>
						<line number="1024" hits="1"/>
						<line number="1025" hits="1"/>
						<line number="1027" hits="1"/>
						<line number="1029" hits="1"/>
						<line number="1031" hits="1"/>
						<line number="1032" hits="1"/>
						<line number="1034" hits="1"/>
						<line number="1037" hits="1"/>
						<line number="1057" hits="1"/>
						<line number="1058" hits="1"/>
						<line number="1059" hits="1"/>
						<line number="1062" hits="1"/>
						<line number="1065" hits="1"/>
						<line number="1066" hits="1"/>
						<line number="1068" hits="1"/>
						<line number="1069" hits="1"/>
						<line number="1071" hits="1"/>
						<line number="1072" hits="1"/>
						<line number="1073" hits="0"/>
						<line number="1074" hits="0"/>
						<line number="1076" hits="1"/>
					</lines>
				</class>
				<class name="m3_mitigation.py" filename="src/qufin/backends/m3_mitigation.py" complexity="0" line-rate="1" branch-rate="0">
					<methods/>
					<lines>
						<line number="20" hits="1"/>
						<line number="22" hits="1"/>
						<line number="23" hits="1"/>
						<line number="25" hits="1"/>
						<line number="26" hits="1"/>
						<line number="28" hits="1"/>
						<line number="31" hits="1"/>
						<line number="32" hits="1"/>
						<line number="48" hits="1"/>
						<line number="49" hits="1"/>
						<line number="50" hits="1"/>
						<line number="51" hits="1"/>
						<line number="54" hits="1"/>
						<line number="55" hits="1"/>
						<line number="69" hits="1"/>
						<line number="70" hits="1"/>
						<line number="71" hits="1"/>
						<line number="74" hits="1"/>
						<line number="87" hits="1"/>
						<line number="88" hits="1"/>
						<line number="89" hits="1"/>
						<line number="91" hits="1"/>
						<line number="92" hits="1"/>
						<line number="94" hits="1"/>
						<line number="96" hits="1"/>
						<line number="97" hits="1"/>
						<line number="99" hits="1"/>
						<line number="101" hits="1"/>
						<line number="126" hits="1"/>
						<line number="127" hits="1"/>
						<line number="128" hits="1"/>
						<line number="130" hits="1"/>
						<line number="135" hits="1"/>
						<line number="136" hits="1"/>
						<line number="138" hits="1"/>
						<line number="161" hits="1"/>
						<line number="162" hits="1"/>
						<line number="166" hits="1"/>
						<line number="167" hits="1"/>
						<line number="174" hits="1"/>
						<line number="177" hits="1"/>
						<line number="178" hits="1"/>
						<line number="179" hits="1"/>
						<line number="180" hits="1"/>
						<line number="181" hits="1"/>
						<line number="182" hits="1"/>
						<line number="184" hits="1"/>
						<line number="194" hits="1"/>
						<line number="209" hits="1"/>
						<line number="221" hits="1"/>
						<line number="245" hits="1"/>
						<line number="247" hits="1"/>
						<line number="249" hits="1"/>
						<line number="250" hits="1"/>
						<line number="252" hits="1"/>
						<line number="253" hits="1"/>
						<line number="254" hits="1"/>
						<line number="255" hits="1"/>
						<line number="256" hits="1"/>
						<line number="258" hits="1"/>
						<line number="260" hits="1"/>
						<line number="262" hits="1"/>
						<line number="263" hits="1"/>
						<line number="266" hits="1"/>
						<line number="267" hits="1"/>
						<line number="268" hits="1"/>
						<line number="269" hits="1"/>
						<line number="271" hits="1"/>
						<line number="273" hits="1"/>
						<line number="280" hits="1"/>
						<line number="303" hits="1"/>
						<line number="306" hits="1"/>
						<line number="307" hits="1"/>
						<line number="308" hits="1"/>
						<line number="311" hits="1"/>
						<line number="312" hits="1"/>
						<line number="313" hits="1"/>
						<line number="314" hits="1"/>
						<line number="315" hits="1"/>
						<line number="316" hits="1"/>
						<line number="320" hits="1"/>
						<line number="321" hits="1"/>
						<line number="322" hits="1"/>
						<line number="323" hits="1"/>
						<line number="324" hits="1"/>
						<line number="326" hits="1"/>
						<line number="327" hits="1"/>
						<line number="329" hits="1"/>
						<line number="330" hits="1"/>
						<line number="331" hits="1"/>
						<line number="332" hits="1"/>
						<line number="335" hits="1"/>
						<line number="336" hits="1"/>
						<line number="337" hits="1"/>
						<line number="338" hits="1"/>
						<line number="340" hits="1"/>
						<line number="341" hits="1"/>
						<line number="342" hits="1"/>
						<line number="343" hits="1"/>
						<line number="344" hits="1"/>
						<line number="346" hits="1"/>
						<line number="349" hits="1"/>
						<line number="376" hits="1"/>
						<line number="377" hits="1"/>
						<line number="378" hits="1"/>
						<line number="381" hits="1"/>
						<line number="382" hits="1"/>
						<line number="383" hits="1"/>
						<line number="384" hits="1"/>
						<line number="385" hits="1"/>
						<line number="388" hits="1"/>
						<line number="390" hits="1"/>
						<line number="392" hits="1"/>
						<line number="395" hits="1"/>
						<line number="396" hits="1"/>
						<line number="397" hits="1"/>
						<line number="398" hits="1"/>
						<line number="400" hits="1"/>
						<line number="403" hits="1"/>
						<line number="406" hits="1"/>
						<line number="407" hits="1"/>
						<line number="408" hits="1"/>
						<line number="409" hits="1"/>
						<line number="412" hits="1"/>
						<line number="413" hits="1"/>
						<line number="414" hits="1"/>
						<line number="415" hits="1"/>
						<line number="417" hits="1"/>
						<line number="418" hits="1"/>
						<line number="419" hits="1"/>
						<line number="420" hits="1"/>
						<line number="421" hits="1"/>
						<line number="423" hits="1"/>
						<line number="426" hits="1"/>
						<line number="445" hits="1"/>
						<line number="446" hits="1"/>
						<line number="447" hits="1"/>
						<line number="449" hits="1"/>
						<line number="450" hits="1"/>
						<line number="451" hits="1"/>
						<line number="452" hits="1"/>
						<line number="453" hits="1"/>
						<line number="454" hits="1"/>
						<line number="455" hits="1"/>
						<line number="456" hits="1"/>
						<line number="457" hits="1"/>
						<line number="458" hits="1"/>
						<line number="460" hits="1"/>
					</lines>
				</class>
				<class name="mock.py" filename="src/qufin/backends/mock.py" complexity="0" line-rate="1" branch-rate="0">
					<methods/>
					<lines>
						<line number="3" hits="1"/>
						<line number="5" hits="1"/>
						<line number="7" hits="1"/>
						<line number="8" hits="1"/>
						<line number="10" hits="1"/>
						<line number="13" hits="1"/>
						<line number="19" hits="1"/>
						<line number="20" hits="1"/>
						<line number="21" hits="1"/>
						<line number="22" hits="1"/>
						<line number="24" hits="1"/>
						<line number="25" hits="1"/>
						<line number="26" hits="1"/>
						<line number="28" hits="1"/>
						<line number="30" hits="1"/>
						<line number="31" hits="1"/>
						<line number="33" hits="1"/>
						<line number="34" hits="1"/>
						<line number="35" hits="1"/>
						<line number="36" hits="1"/>
						<line number="37" hits="1"/>
						<line number="43" hits="1"/>
						<line number="45" hits="1"/>
						<line number="46" hits="1"/>
						<line number="47" hits="1"/>
						<line number="48" hits="1"/>
					</lines>
				</class>
				<class name="noise_aware_optimizer.py" filename="src/qufin/backends/noise_aware_optimizer.py" complexity="0" line-rate="0.95" branch-rate="0">
					<methods/>
					<lines>
						<line number="17" hits="1"/>
						<line number="19" hits="1"/>
						<line number="20" hits="1"/>
						<line number="21" hits="1"/>
						<line number="23" hits="1"/>
						<line number="24" hits="1"/>
						<line number="25" hits="1"/>
						<line number="27" hits="1"/>
						<line number="34" hits="1"/>
						<line number="35" hits="1"/>
						<line number="48" hits="1"/>
						<line number="49" hits="1"/>
						<line number="50" hits="1"/>
						<line number="53" hits="1"/>
						<line number="54" hits="1"/>
						<line number="77" hits="1"/>
						<line number="80" hits="1"/>
						<line number="83" hits="1"/>
						<line number="84" hits="1"/>
						<line number="85" hits="1"/>
						<line number="86" hits="1"/>
						<line number="87" hits="1"/>
						<line number="95" hits="1"/>
						<line number="102" hits="1"/>
						<line number="103" hits="1"/>
						<line number="105" hits="1"/>
						<line number="106" hits="1"/>
						<line number="112" hits="1"/>
						<line number="113" hits="1"/>
						<line number="114" hits="1"/>
						<line number="115" hits="1"/>
						<line number="116" hits="1"/>
						<line number="117" hits="1"/>
						<line number="119" hits="1"/>
						<line number="120" hits="1"/>
						<line number="121" hits="1"/>
						<line number="122" hits="1"/>
						<line number="123" hits="1"/>
						<line number="126" hits="1"/>
						<line number="127" hits="1"/>
						<line number="131" hits="1"/>
						<line number="132" hits="1"/>
						<line number="134" hits="1"/>
						<line number="136" hits="1"/>
						<line number="137" hits="1"/>
						<line number="139" hits="1"/>
						<line number="141" hits="1"/>
						<line number="143" hits="1"/>
						<line number="144" hits="1"/>
						<line number="145" hits="1"/>
						<line number="146" hits="1"/>
						<line number="148" hits="1"/>
						<line number="167" hits="1"/>
						<line number="168" hits="1"/>
						<line number="169" hits="1"/>
						<line number="170" hits="1"/>
						<line number="171" hits="1"/>
						<line number="172" hits="1"/>
						<line number="174" hits="1"/>
						<line number="200" hits="1"/>
						<line number="201" hits="1"/>
						<line number="203" hits="1"/>
						<line number="204" hits="1"/>
						<line number="205" hits="0"/>
						<line number="206" hits="0"/>
						<line number="207" hits="0"/>
						<line number="208" hits="0"/>
						<line number="209" hits="0"/>
						<line number="210" hits="0"/>
						<line number="211" hits="0"/>
						<line number="212" hits="0"/>
						<line number="217" hits="0"/>
						<line number="222" hits="0"/>
						<line number="225" hits="1"/>
						<line number="226" hits="1"/>
						<line number="227" hits="1"/>
						<line number="230" hits="1"/>
						<line number="232" hits="1"/>
						<line number="240" hits="1"/>
						<line number="254" hits="1"/>
						<line number="255" hits="1"/>
						<line number="256" hits="1"/>
						<line number="257" hits="1"/>
						<line number="258" hits="1"/>
						<line number="260" hits="1"/>
						<line number="261" hits="1"/>
						<line number="263" hits="1"/>
						<line number="267" hits="1"/>
						<line number="293" hits="1"/>
						<line number="294" hits="1"/>
						<line number="296" hits="1"/>
						<line number="297" hits="1"/>
						<line number="300" hits="1"/>
						<line number="301" hits="1"/>
						<line number="309" hits="1"/>
						<line number="313" hits="1"/>
						<line number="336" hits="1"/>
						<line number="337" hits="1"/>
						<line number="341" hits="1"/>
						<line number="342" hits="1"/>
						<line number="344" hits="1"/>
						<line number="345" hits="1"/>
						<line number="347" hits="1"/>
						<line number="356" hits="1"/>
						<line number="360" hits="1"/>
						<line number="361" hits="1"/>
						<line number="363" hits="1"/>
						<line number="393" hits="1"/>
						<line number="394" hits="1"/>
						<line number="396" hits="1"/>
						<line number="397" hits="1"/>
						<line number="398" hits="1"/>
						<line number="399" hits="1"/>
						<line number="402" hits="1"/>
						<line number="403" hits="1"/>
						<line number="404" hits="1"/>
						<line number="407" hits="1"/>
						<line number="410" hits="1"/>
						<line number="412" hits="1"/>
						<line number="413" hits="1"/>
						<line number="414" hits="1"/>
						<line number="416" hits="1"/>
						<line number="423" hits="1"/>
						<line number="424" hits="1"/>
						<line number="426" hits="1"/>
						<line number="438" hits="1"/>
						<line number="447" hits="1"/>
						<line number="448" hits="1"/>
						<line number="449" hits="1"/>
						<line number="450" hits="1"/>
						<line number="451" hits="1"/>
						<line number="452" hits="1"/>
						<line number="454" hits="1"/>
						<line number="461" hits="1"/>
						<line number="462" hits="1"/>
						<line number="473" hits="1"/>
						<line number="482" hits="1"/>
						<line number="483" hits="1"/>
						<line number="484" hits="1"/>
						<line number="485" hits="1"/>
						<line number="486" hits="1"/>
						<line number="487" hits="1"/>
						<line number="488" hits="1"/>
						<line number="489" hits="1"/>
						<line number="491" hits="1"/>
						<line number="498" hits="1"/>
						<line number="499" hits="1"/>
						<line number="500" hits="1"/>
						<line number="502" hits="1"/>
						<line number="517" hits="1"/>
						<line number="536" hits="1"/>
						<line number="537" hits="1"/>
						<line number="538" hits="1"/>
						<line number="539" hits="1"/>
						<line number="540" hits="1"/>
						<line number="541" hits="1"/>
						<line number="544" hits="1"/>
						<line number="573" hits="1"/>
						<line number="574" hits="1"/>
						<line number="577" hits="1"/>
						<line number="581" hits="1"/>
						<line number="582" hits="1"/>
						<line number="587" hits="1"/>
						<line number="591" hits="1"/>
						<line number="592" hits="1"/>
						<line number="596" hits="1"/>
						<line number="603" hits="1"/>
						<line number="620" hits="1"/>
						<line number="621" hits="1"/>
						<line number="622" hits="1"/>
						<line number="623" hits="1"/>
						<line number="624" hits="1"/>
						<line number="626" hits="1"/>
						<line number="638" hits="1"/>
						<line number="639" hits="1"/>
						<line number="640" hits="1"/>
						<line number="642" hits="1"/>
						<line number="650" hits="1"/>
						<line number="657" hits="1"/>
						<line number="658" hits="1"/>
						<line number="659" hits="1"/>
						<line number="665" hits="1"/>
						<line number="666" hits="1"/>
						<line number="667" hits="1"/>
[...]
						<line number="123" hits="1"/>
						<line number="124" hits="1"/>
						<line number="127" hits="1"/>
						<line number="129" hits="1"/>
						<line number="130" hits="0"/>
						<line number="133" hits="1"/>
						<line number="134" hits="1"/>
						<line number="135" hits="1"/>
						<line number="136" hits="1"/>
						<line number="139" hits="1"/>
						<line number="140" hits="0"/>
						<line number="142" hits="1"/>
						<line number="143" hits="1"/>
						<line number="148" hits="1"/>
						<line number="149" hits="1"/>
						<line number="150" hits="1"/>
						<line number="155" hits="1"/>
						<line number="156" hits="1"/>
						<line number="157" hits="1"/>
						<line number="158" hits="1"/>
						<line number="159" hits="0"/>
						<line number="163" hits="1"/>
						<line number="164" hits="1"/>
						<line number="165" hits="1"/>
						<line number="166" hits="1"/>
						<line number="167" hits="1"/>
						<line number="168" hits="1"/>
						<line number="170" hits="1"/>
						<line number="172" hits="1"/>
						<line number="178" hits="1"/>
						<line number="181" hits="1"/>
						<line number="197" hits="1"/>
						<line number="198" hits="0"/>
						<line number="200" hits="1"/>
						<line number="203" hits="1"/>
						<line number="206" hits="1"/>
						<line number="207" hits="1"/>
						<line number="212" hits="1"/>
						<line number="217" hits="1"/>
						<line number="218" hits="1"/>
						<line number="219" hits="1"/>
						<line number="221" hits="0"/>
						<line number="226" hits="0"/>
						<line number="230" hits="0"/>
						<line number="231" hits="0"/>
						<line number="232" hits="0"/>
						<line number="234" hits="1"/>
						<line number="237" hits="1"/>
						<line number="238" hits="1"/>
						<line number="239" hits="1"/>
						<line number="240" hits="1"/>
						<line number="241" hits="1"/>
						<line number="249" hits="1"/>
						<line number="251" hits="1"/>
						<line number="253" hits="1"/>
						<line number="265" hits="1"/>
						<line number="274" hits="1"/>
					</lines>
				</class>
				<class name="gaussian_copula.py" filename="src/qufin/risk/credit/gaussian_copula.py" complexity="0" line-rate="1" branch-rate="0">
					<methods/>
					<lines>
						<line number="22" hits="1"/>
						<line number="24" hits="1"/>
						<line number="26" hits="1"/>
						<line number="27" hits="1"/>
						<line number="28" hits="1"/>
						<line number="31" hits="1"/>
						<line number="32" hits="1"/>
						<line number="50" hits="1"/>
						<line number="51" hits="1"/>
						<line number="52" hits="1"/>
						<line number="53" hits="1"/>
						<line number="54" hits="1"/>
						<line number="56" hits="1"/>
						<line number="57" hits="1"/>
						<line number="58" hits="1"/>
						<line number="59" hits="1"/>
						<line number="61" hits="1"/>
						<line number="62" hits="1"/>
						<line number="64" hits="1"/>
						<line number="65" hits="1"/>
						<line number="67" hits="1"/>
						<line number="69" hits="1"/>
						<line number="70" hits="1"/>
						<line number="72" hits="1"/>
						<line number="74" hits="1"/>
						<line number="75" hits="1"/>
						<line number="77" hits="1"/>
						<line number="80" hits="1"/>
						<line number="81" hits="1"/>
						<line number="84" hits="1"/>
						<line number="85" hits="1"/>
						<line number="86" hits="1"/>
						<line number="87" hits="1"/>
						<line number="88" hits="1"/>
						<line number="89" hits="1"/>
						<line number="90" hits="1"/>
						<line number="93" hits="1"/>
						<line number="112" hits="1"/>
						<line number="114" hits="1"/>
						<line number="115" hits="1"/>
						<line number="116" hits="1"/>
						<line number="117" hits="1"/>
						<line number="120" hits="1"/>
						<line number="123" hits="1"/>
						<line number="126" hits="1"/>
						<line number="129" hits="1"/>
						<line number="132" hits="1"/>
						<line number="135" hits="1"/>
						<line number="136" hits="1"/>
						<line number="137" hits="1"/>
						<line number="138" hits="1"/>
						<line number="139" hits="1"/>
						<line number="141" hits="1"/>
						<line number="152" hits="1"/>
						<line number="180" hits="1"/>
						<line number="181" hits="1"/>
						<line number="182" hits="1"/>
						<line number="186" hits="1"/>
						<line number="187" hits="1"/>
						<line number="189" hits="1"/>
					</lines>
				</class>
				<class name="nig_copula.py" filename="src/qufin/risk/credit/nig_copula.py" complexity="0" line-rate="0.9394" branch-rate="0">
					<methods/>
					<lines>
						<line number="20" hits="1"/>
						<line number="22" hits="1"/>
						<line number="24" hits="1"/>
						<line number="25" hits="1"/>
						<line number="26" hits="1"/>
						<line number="27" hits="1"/>
						<line number="30" hits="1"/>
						<line number="31" hits="1"/>
						<line number="46" hits="1"/>
						<line number="47" hits="1"/>
						<line number="48" hits="1"/>
						<line number="49" hits="1"/>
						<line number="51" hits="1"/>
						<line number="52" hits="1"/>
						<line number="53" hits="1"/>
						<line number="54" hits="1"/>
						<line number="55" hits="0"/>
						<line number="56" hits="1"/>
						<line number="57" hits="1"/>
						<line number="59" hits="1"/>
						<line number="60" hits="1"/>
						<line number="62" hits="1"/>
						<line number="64" hits="1"/>
						<line number="65" hits="1"/>
						<line number="66" hits="0"/>
						<line number="68" hits="1"/>
						<line number="69" hits="1"/>
						<line number="70" hits="0"/>
						<line number="72" hits="1"/>
						<line number="73" hits="1"/>
						<line number="74" hits="1"/>
						<line number="76" hits="1"/>
						<line number="77" hits="1"/>
						<line number="78" hits="0"/>
						<line number="81" hits="1"/>
						<line number="93" hits="1"/>
						<line number="94" hits="1"/>
						<line number="95" hits="1"/>
						<line number="97" hits="1"/>
						<line number="98" hits="1"/>
						<line number="105" hits="1"/>
						<line number="108" hits="1"/>
						<line number="140" hits="1"/>
						<line number="141" hits="1"/>
						<line number="142" hits="1"/>
						<line number="143" hits="1"/>
						<line number="147" hits="1"/>
						<line number="148" hits="1"/>
						<line number="152" hits="1"/>
						<line number="153" hits="1"/>
						<line number="154" hits="1"/>
						<line number="156" hits="1"/>
						<line number="157" hits="1"/>
						<line number="160" hits="1"/>
						<line number="161" hits="1"/>
						<line number="164" hits="1"/>
						<line number="167" hits="1"/>
						<line number="170" hits="1"/>
						<line number="171" hits="1"/>
						<line number="173" hits="1"/>
						<line number="174" hits="1"/>
						<line number="176" hits="1"/>
						<line number="177" hits="1"/>
						<line number="178" hits="1"/>
						<line number="179" hits="1"/>
						<line number="181" hits="1"/>
					</lines>
				</class>
			</classes>
		</package>
		<package name="src.qufin.utils" line-rate="0.9733" branch-rate="0" complexity="0">
			<classes>
				<class name="__init__.py" filename="src/qufin/utils/__init__.py" complexity="0" line-rate="1" branch-rate="0">
					<methods/>
					<lines>
						<line number="3" hits="1"/>
						<line number="5" hits="1"/>
						<line number="6" hits="1"/>
						<line number="8" hits="1"/>
					</lines>
				</class>
				<class name="encoders.py" filename="src/qufin/utils/encoders.py" complexity="0" line-rate="1" branch-rate="0">
					<methods/>
					<lines>
						<line number="3" hits="1"/>
						<line number="5" hits="1"/>
						<line number="6" hits="1"/>
						<line number="9" hits="1"/>
						<line number="11" hits="1"/>
						<line number="14" hits="1"/>
						<line number="16" hits="1"/>
						<line number="19" hits="1"/>
						<line number="27" hits="1"/>
						<line number="28" hits="1"/>
						<line number="29" hits="1"/>
						<line number="30" hits="1"/>
						<line number="31" hits="1"/>
						<line number="32" hits="1"/>
						<line number="33" hits="1"/>
						<line number="34" hits="1"/>
						<line number="35" hits="1"/>
						<line number="38" hits="1"/>
						<line number="40" hits="1"/>
					</lines>
				</class>
				<class name="logging.py" filename="src/qufin/utils/logging.py" complexity="0" line-rate="1" branch-rate="0">
					<methods/>
					<lines>
						<line number="3" hits="1"/>
						<line number="5" hits="1"/>
						<line number="7" hits="1"/>
						<line number="10" hits="1"/>
						<line number="12" hits="1"/>
						<line number="13" hits="1"/>
						<line number="14" hits="1"/>
						<line number="15" hits="1"/>
						<line number="16" hits="1"/>
						<line number="17" hits="1"/>
						<line number="18" hits="1"/>
					</lines>
				</class>
				<class name="results.py" filename="src/qufin/utils/results.py" complexity="0" line-rate="0.8929" branch-rate="0">
					<methods/>
					<lines>
						<line number="3" hits="1"/>
						<line number="5" hits="1"/>
						<line number="6" hits="1"/>
						<line number="7" hits="1"/>
						<line number="9" hits="1"/>
						<line number="12" hits="1"/>
						<line number="13" hits="1"/>
						<line number="14" hits="1"/>
						<line number="15" hits="1"/>
						<line number="16" hits="1"/>
						<line number="17" hits="1"/>
						<line number="18" hits="0"/>
						<line number="19" hits="0"/>
						<line number="20" hits="0"/>
						<line number="23" hits="1"/>
						<line number="24" hits="1"/>
						<line number="27" hits="1"/>
						<line number="28" hits="1"/>
						<line number="29" hits="1"/>
						<line number="30" hits="1"/>
						<line number="31" hits="1"/>
						<line number="32" hits="1"/>
						<line number="33" hits="1"/>
						<line number="34" hits="1"/>
						<line number="36" hits="1"/>
						<line number="37" hits="1"/>
						<line number="39" hits="1"/>
						<line number="40" hits="1"/>
					</lines>
				</class>
				<class name="settings.py" filename="src/qufin/utils/settings.py" complexity="0" line-rate="0.9444" branch-rate="0">
					<methods/>
					<lines>
						<line number="3" hits="1"/>
						<line number="5" hits="1"/>
						<line number="6" hits="1"/>
						<line number="8" hits="1"/>
						<line number="9" hits="1"/>
						<line number="12" hits="1"/>
						<line number="18" hits="1"/>
						<line number="20" hits="1"/>
						<line number="21" hits="1"/>
						<line number="22" hits="1"/>
						<line number="23" hits="1"/>
						<line number="27" hits="1"/>
						<line number="28" hits="1"/>
						<line number="32" hits="1"/>
						<line number="35" hits="1"/>
						<line number="38" hits="1"/>
						<line number="39" hits="0"/>
						<line number="40" hits="1"/>
					</lines>
				</class>
				<class name="viz.py" filename="src/qufin/utils/viz.py" complexity="0" line-rate="1" branch-rate="0">
					<methods/>
					<lines>
						<line number="8" hits="1"/>
						<line number="10" hits="1"/>
						<line number="12" hits="1"/>
						<line number="13" hits="1"/>
						<line number="16" hits="1"/>
						<line number="42" hits="1"/>
						<line number="44" hits="1"/>
						<line number="45" hits="1"/>
						<line number="48" hits="1"/>
						<line number="49" hits="1"/>
						<line number="50" hits="1"/>
						<line number="51" hits="1"/>
						<line number="52" hits="1"/>
						<line number="53" hits="1"/>
						<line number="54" hits="1"/>
						<line number="55" hits="1"/>
						<line number="56" hits="1"/>
						<line number="57" hits="1"/>
						<line number="59" hits="1"/>
						<line number="61" hits="1"/>
						<line number="62" hits="1"/>
						<line number="63" hits="1"/>
						<line number="64" hits="1"/>
						<line number="65" hits="1"/>
						<line number="66" hits="1"/>
						<line number="68" hits="1"/>
						<line number="69" hits="1"/>
						<line number="70" hits="1"/>
						<line number="71" hits="1"/>
						<line number="72" hits="1"/>
						<line number="75" hits="1"/>
						<line number="92" hits="1"/>
						<line number="94" hits="1"/>
						<line number="95" hits="1"/>
						<line number="97" hits="1"/>
						<line number="98" hits="1"/>
						<line number="99" hits="1"/>
						<line number="100" hits="1"/>
						<line number="102" hits="1"/>
						<line number="103" hits="1"/>
						<line number="104" hits="1"/>
						<line number="105" hits="1"/>
						<line number="108" hits="1"/>
						<line number="126" hits="1"/>
						<line number="128" hits="1"/>
						<line number="129" hits="1"/>
						<line number="131" hits="1"/>
						<line number="133" hits="1"/>
						<line number="134" hits="1"/>
						<line number="135" hits="1"/>
						<line number="136" hits="1"/>
						<line number="138" hits="1"/>
						<line number="139" hits="1"/>
						<line number="141" hits="1"/>
						<line number="142" hits="1"/>
						<line number="143" hits="1"/>
						<line number="144" hits="1"/>
						<line number="147" hits="1"/>
						<line number="167" hits="1"/>
						<line number="169" hits="1"/>
						<line number="170" hits="1"/>
						<line number="172" hits="1"/>
						<line number="173" hits="1"/>
						<line number="175" hits="1"/>
						<line number="176" hits="1"/>
						<line number="177" hits="1"/>
						<line number="179" hits="1"/>
						<line number="180" hits="1"/>
						<line number="181" hits="1"/>
						<line number="182" hits="1"/>
					</lines>
				</class>
			</classes>
		</package>
		<package name="src.qufin.viz" line-rate="0.9048" branch-rate="0" complexity="0">
			<classes>
				<class name="__init__.py" filename="src/qufin/viz/__init__.py" complexity="0" line-rate="1" branch-rate="0">
					<methods/>
					<lines>
						<line number="3" hits="1"/>
						<line number="5" hits="1"/>
						<line number="12" hits="1"/>
					</lines>
				</class>
				<class name="dashboard.py" filename="src/qufin/viz/dashboard.py" complexity="0" line-rate="0.8298" branch-rate="0">
					<methods/>
					<lines>
						<line number="9" hits="1"/>
						<line number="11" hits="1"/>
						<line number="12" hits="1"/>
						<line number="13" hits="1"/>
						<line number="15" hits="1"/>
						<line number="17" hits="1"/>
						<line number="18" hits="1"/>
						<line number="20" hits="1"/>
						<line number="24" hits="1"/>
						<line number="39" hits="1"/>
						<line number="40" hits="1"/>
						<line number="43" hits="1"/>
						<line number="44" hits="1"/>
						<line number="45" hits="1"/>
						<line number="46" hits="1"/>
						<line number="47" hits="1"/>
						<line number="55" hits="1"/>
						<line number="62" hits="1"/>
						<line number="63" hits="1"/>
						<line number="64" hits="1"/>
						<line number="65" hits="1"/>
						<line number="68" hits="1"/>
						<line number="69" hits="1"/>
						<line number="70" hits="1"/>
						<line number="71" hits="1"/>
						<line number="72" hits="1"/>
						<line number="73" hits="1"/>
						<line number="80" hits="1"/>
						<line number="103" hits="1"/>
						<line number="104" hits="1"/>
						<line number="105" hits="1"/>
						<line number="107" hits="1"/>
						<line number="112" hits="1"/>
						<line number="113" hits="1"/>
						<line number="123" hits="1"/>
						<line number="132" hits="1"/>
						<line number="139" hits="1"/>
						<line number="141" hits="1"/>
						<line number="142" hits="1"/>
						<line number="145" hits="1"/>
						<line number="165" hits="1"/>
						<line number="166" hits="1"/>
						<line number="167" hits="1"/>
						<line number="169" hits="1"/>
						<line number="180" hits="1"/>
						<line number="190" hits="1"/>
						<line number="197" hits="1"/>
						<line number="222" hits="1"/>
						<line number="223" hits="1"/>
						<line number="224" hits="1"/>
						<line number="225" hits="1"/>
						<line number="228" hits="1"/>
						<line number="229" hits="1"/>
						<line number="230" hits="1"/>
						<line number="232" hits="1"/>
						<line number="236" hits="1"/>
						<line number="247" hits="1"/>
						<line number="257" hits="1"/>
						<line number="264" hits="1"/>
						<line number="284" hits="1"/>
						<line number="285" hits="1"/>
						<line number="295" hits="1"/>
						<line number="304" hits="1"/>
						<line number="311" hits="1"/>
						<line number="334" hits="1"/>
						<line number="335" hits="1"/>
						<line number="336" hits="1"/>
						<line number="338" hits="1"/>
						<line number="348" hits="1"/>
						<line number="349" hits="1"/>
						<line number="350" hits="1"/>
						<line number="361" hits="1"/>
						<line number="371" hits="1"/>
						<line number="372" hits="1"/>
						<line number="378" hits="1"/>
						<line number="385" hits="1"/>
						<line number="404" hits="1"/>
						<line number="405" hits="1"/>
						<line number="412" hits="0"/>
						<line number="414" hits="0"/>
						<line number="415" hits="0"/>
						<line number="421" hits="0"/>
						<line number="424" hits="0"/>
						<line number="425" hits="0"/>
						<line number="430" hits="0"/>
						<line number="431" hits="0"/>
						<line number="436" hits="0"/>
						<line number="437" hits="0"/>
						<line number="443" hits="0"/>
						<line number="444" hits="0"/>
						<line number="445" hits="0"/>
						<line number="446" hits="0"/>
						<line number="448" hits="0"/>
						<line number="449" hits="0"/>
					</lines>
				</class>
				<class name="widgets.py" filename="src/qufin/viz/widgets.py" complexity="0" line-rate="1" branch-rate="0">
					<methods/>
					<lines>
						<line number="8" hits="1"/>
						<line number="10" hits="1"/>
						<line number="11" hits="1"/>
						<line number="12" hits="1"/>
						<line number="14" hits="1"/>
						<line number="16" hits="1"/>
						<line number="17" hits="1"/>
						<line number="19" hits="1"/>
						<line number="23" hits="1"/>
						<line number="36" hits="1"/>
						<line number="37" hits="1"/>
						<line number="40" hits="1"/>
						<line number="41" hits="1"/>
						<line number="42" hits="1"/>
						<line number="43" hits="1"/>
						<line number="44" hits="1"/>
						<line number="52" hits="1"/>
						<line number="59" hits="1"/>
						<line number="61" hits="1"/>
						<line number="62" hits="1"/>
						<line number="63" hits="1"/>
						<line number="64" hits="1"/>
						<line number="67" hits="1"/>
						<line number="69" hits="1"/>
						<line number="70" hits="1"/>
						<line number="71" hits="1"/>
						<line number="72" hits="1"/>
						<line number="73" hits="1"/>
						<line number="74" hits="1"/>
						<line number="81" hits="1"/>
						<line number="101" hits="1"/>
						<line number="102" hits="1"/>
						<line number="103" hits="1"/>
						<line number="105" hits="1"/>
						<line number="106" hits="1"/>
						<line number="113" hits="1"/>
						<line number="143" hits="1"/>
						<line number="144" hits="1"/>
						<line number="145" hits="1"/>
						<line number="147" hits="1"/>
						<line number="148" hits="1"/>
						<line number="149" hits="1"/>
						<line number="150" hits="1"/>
						<line number="151" hits="1"/>
						<line number="152" hits="1"/>
						<line number="153" hits="1"/>
						<line number="155" hits="1"/>
						<line number="157" hits="1"/>
						<line number="169" hits="1"/>
						<line number="170" hits="1"/>
						<line number="181" hits="1"/>
						<line number="190" hits="1"/>
						<line number="197" hits="1"/>
						<line number="222" hits="1"/>
						<line number="223" hits="1"/>
						<line number="224" hits="1"/>
						<line number="225" hits="1"/>
						<line number="227" hits="1"/>
						<line number="242" hits="1"/>
						<line number="252" hits="1"/>
						<line number="259" hits="1"/>
						<line number="294" hits="1"/>
						<line number="295" hits="1"/>
						<line number="296" hits="1"/>
						<line number="297" hits="1"/>
						<line number="299" hits="1"/>
						<line number="309" hits="1"/>
						<line number="310" hits="1"/>
						<line number="311" hits="1"/>
						<line number="321" hits="1"/>
						<line number="330" hits="1"/>
					</lines>
				</class>
			</classes>
		</package>
	</packages>
</coverage>
